<?xml version="1.0" encoding="UTF-8"?>
<testsuite name="server.AppTest" tests="1" skipped="0" failures="0" errors="0" timestamp="2023-10-02T09:50:13" hostname="edsiondeMBP" time="0.01">
  <properties/>
  <testcase name="appHasAGreeting()" classname="server.AppTest" time="0.01"/>
  <system-out><![CDATA[]]></system-out>
  <system-err><![CDATA[]]></system-err>
</testsuite>
